CRITICAL - 2024-12-31 11:21:59 --> Undefined property: stdClass::$name_slug
in APPPATH\Common.php on line 514.
 1 APPPATH\Common.php(514): CodeIgniter\Debug\Exceptions->errorHandler(2, 'Undefined property: stdClass::$name_slug', 'C:\\xampp\\htdocs\\news\\app\\Common.php', 514)
 2 APPPATH\Views\themes\news\partials\_main_slider.php(123): generateCategoryURL(Object(stdClass))
 3 SYSTEMPATH\View\View.php(224): include('C:\\xampp\\htdocs\\news\\app\\Views\\themes\\news\\partials\\_main_slider.php')
 4 SYSTEMPATH\View\View.php(227): CodeIgniter\View\View->CodeIgniter\View\{closure}()
 5 SYSTEMPATH\Common.php(1180): CodeIgniter\View\View->render('themes/news/partials/_main_slider', [], true)
 6 APPPATH\Views\themes\magazine\index.php(36): view('themes/news/partials/_main_slider')
 7 SYSTEMPATH\View\View.php(224): include('C:\\xampp\\htdocs\\news\\app\\Views\\themes\\magazine\\index.php')
 8 SYSTEMPATH\View\View.php(227): CodeIgniter\View\View->CodeIgniter\View\{closure}()
 9 SYSTEMPATH\Common.php(1180): CodeIgniter\View\View->render('themes/magazine/index', [], true)
10 APPPATH\Common.php(91): view('themes/magazine/index', [...])
11 APPPATH\Controllers\HomeController.php(63): loadView('index', [...])
12 SYSTEMPATH\CodeIgniter.php(932): App\Controllers\HomeController->index()
13 SYSTEMPATH\CodeIgniter.php(497): CodeIgniter\CodeIgniter->runController(Object(App\Controllers\HomeController))
14 SYSTEMPATH\CodeIgniter.php(366): CodeIgniter\CodeIgniter->handleRequest(null, Object(Config\Cache), false)
15 FCPATH\index.php(77): CodeIgniter\CodeIgniter->run()
CRITICAL - 2024-12-31 11:22:20 --> Undefined property: stdClass::$name_slug
in APPPATH\Common.php on line 514.
 1 APPPATH\Common.php(514): CodeIgniter\Debug\Exceptions->errorHandler(2, 'Undefined property: stdClass::$name_slug', 'C:\\xampp\\htdocs\\news\\app\\Common.php', 514)
 2 APPPATH\Views\themes\news\partials\_main_slider.php(123): generateCategoryURL(Object(stdClass))
 3 SYSTEMPATH\View\View.php(224): include('C:\\xampp\\htdocs\\news\\app\\Views\\themes\\news\\partials\\_main_slider.php')
 4 SYSTEMPATH\View\View.php(227): CodeIgniter\View\View->CodeIgniter\View\{closure}()
 5 SYSTEMPATH\Common.php(1180): CodeIgniter\View\View->render('themes/news/partials/_main_slider', [], true)
 6 APPPATH\Views\themes\magazine\index.php(36): view('themes/news/partials/_main_slider')
 7 SYSTEMPATH\View\View.php(224): include('C:\\xampp\\htdocs\\news\\app\\Views\\themes\\magazine\\index.php')
 8 SYSTEMPATH\View\View.php(227): CodeIgniter\View\View->CodeIgniter\View\{closure}()
 9 SYSTEMPATH\Common.php(1180): CodeIgniter\View\View->render('themes/magazine/index', [], true)
10 APPPATH\Common.php(91): view('themes/magazine/index', [...])
11 APPPATH\Controllers\HomeController.php(63): loadView('index', [...])
12 SYSTEMPATH\CodeIgniter.php(932): App\Controllers\HomeController->index()
13 SYSTEMPATH\CodeIgniter.php(497): CodeIgniter\CodeIgniter->runController(Object(App\Controllers\HomeController))
14 SYSTEMPATH\CodeIgniter.php(366): CodeIgniter\CodeIgniter->handleRequest(null, Object(Config\Cache), false)
15 FCPATH\index.php(77): CodeIgniter\CodeIgniter->run()
CRITICAL - 2024-12-31 11:23:27 --> Undefined property: stdClass::$name_slug
in APPPATH\Common.php on line 514.
 1 APPPATH\Common.php(514): CodeIgniter\Debug\Exceptions->errorHandler(2, 'Undefined property: stdClass::$name_slug', 'C:\\xampp\\htdocs\\news\\app\\Common.php', 514)
 2 APPPATH\Views\themes\news\partials\_main_slider.php(149): generateCategoryURL(Object(stdClass))
 3 SYSTEMPATH\View\View.php(224): include('C:\\xampp\\htdocs\\news\\app\\Views\\themes\\news\\partials\\_main_slider.php')
 4 SYSTEMPATH\View\View.php(227): CodeIgniter\View\View->CodeIgniter\View\{closure}()
 5 SYSTEMPATH\Common.php(1180): CodeIgniter\View\View->render('themes/news/partials/_main_slider', [], true)
 6 APPPATH\Views\themes\magazine\index.php(36): view('themes/news/partials/_main_slider')
 7 SYSTEMPATH\View\View.php(224): include('C:\\xampp\\htdocs\\news\\app\\Views\\themes\\magazine\\index.php')
 8 SYSTEMPATH\View\View.php(227): CodeIgniter\View\View->CodeIgniter\View\{closure}()
 9 SYSTEMPATH\Common.php(1180): CodeIgniter\View\View->render('themes/magazine/index', [], true)
10 APPPATH\Common.php(91): view('themes/magazine/index', [...])
11 APPPATH\Controllers\HomeController.php(63): loadView('index', [...])
12 SYSTEMPATH\CodeIgniter.php(932): App\Controllers\HomeController->index()
13 SYSTEMPATH\CodeIgniter.php(497): CodeIgniter\CodeIgniter->runController(Object(App\Controllers\HomeController))
14 SYSTEMPATH\CodeIgniter.php(366): CodeIgniter\CodeIgniter->handleRequest(null, Object(Config\Cache), false)
15 FCPATH\index.php(77): CodeIgniter\CodeIgniter->run()
CRITICAL - 2024-12-31 14:31:17 --> Undefined property: stdClass::$link
in APPPATH\Views\themes\news\partials\_main_slider.php on line 49.
 1 APPPATH\Views\themes\news\partials\_main_slider.php(49): CodeIgniter\Debug\Exceptions->errorHandler(2, 'Undefined property: stdClass::$link', 'C:\\xampp\\htdocs\\news\\app\\Views\\themes\\news\\partials\\_main_slider.php', 49)
 2 SYSTEMPATH\View\View.php(224): include('C:\\xampp\\htdocs\\news\\app\\Views\\themes\\news\\partials\\_main_slider.php')
 3 SYSTEMPATH\View\View.php(227): CodeIgniter\View\View->CodeIgniter\View\{closure}()
 4 SYSTEMPATH\Common.php(1180): CodeIgniter\View\View->render('themes/news/partials/_main_slider', [], true)
 5 APPPATH\Views\themes\magazine\index.php(36): view('themes/news/partials/_main_slider')
 6 SYSTEMPATH\View\View.php(224): include('C:\\xampp\\htdocs\\news\\app\\Views\\themes\\magazine\\index.php')
 7 SYSTEMPATH\View\View.php(227): CodeIgniter\View\View->CodeIgniter\View\{closure}()
 8 SYSTEMPATH\Common.php(1180): CodeIgniter\View\View->render('themes/magazine/index', [], true)
 9 APPPATH\Common.php(91): view('themes/magazine/index', [...])
10 APPPATH\Controllers\HomeController.php(63): loadView('index', [...])
11 SYSTEMPATH\CodeIgniter.php(932): App\Controllers\HomeController->index()
12 SYSTEMPATH\CodeIgniter.php(497): CodeIgniter\CodeIgniter->runController(Object(App\Controllers\HomeController))
13 SYSTEMPATH\CodeIgniter.php(366): CodeIgniter\CodeIgniter->handleRequest(null, Object(Config\Cache), false)
14 FCPATH\index.php(77): CodeIgniter\CodeIgniter->run()
