CRITICAL - 2024-12-28 09:34:55 --> Undefined variable $categoryModel
in APPPATH\Views\themes\magazine\partials\_footer.php on line 44.
 1 APPPATH\Views\themes\magazine\partials\_footer.php(44): CodeIgniter\Debug\Exceptions->errorHandler(2, 'Undefined variable $categoryModel', 'C:\\xampp\\htdocs\\news\\app\\Views\\themes\\magazine\\partials\\_footer.php', 44)
 2 SYSTEMPATH\View\View.php(224): include('C:\\xampp\\htdocs\\news\\app\\Views\\themes\\magazine\\partials\\_footer.php')
 3 SYSTEMPATH\View\View.php(227): CodeIgniter\View\View->CodeIgniter\View\{closure}()
 4 SYSTEMPATH\Common.php(1180): CodeIgniter\View\View->render('themes/magazine/partials/_footer', [], true)
 5 APPPATH\Common.php(91): view('themes/magazine/partials/_footer', [...])
 6 APPPATH\Controllers\HomeController.php(64): loadView('partials/_footer', [...])
 7 SYSTEMPATH\CodeIgniter.php(932): App\Controllers\HomeController->index()
 8 SYSTEMPATH\CodeIgniter.php(497): CodeIgniter\CodeIgniter->runController(Object(App\Controllers\HomeController))
 9 SYSTEMPATH\CodeIgniter.php(366): CodeIgniter\CodeIgniter->handleRequest(null, Object(Config\Cache), false)
10 FCPATH\index.php(77): CodeIgniter\CodeIgniter->run()
CRITICAL - 2024-12-28 09:35:50 --> Undefined variable $categoryModel
in APPPATH\Views\themes\magazine\partials\_footer.php on line 44.
 1 APPPATH\Views\themes\magazine\partials\_footer.php(44): CodeIgniter\Debug\Exceptions->errorHandler(2, 'Undefined variable $categoryModel', 'C:\\xampp\\htdocs\\news\\app\\Views\\themes\\magazine\\partials\\_footer.php', 44)
 2 SYSTEMPATH\View\View.php(224): include('C:\\xampp\\htdocs\\news\\app\\Views\\themes\\magazine\\partials\\_footer.php')
 3 SYSTEMPATH\View\View.php(227): CodeIgniter\View\View->CodeIgniter\View\{closure}()
 4 SYSTEMPATH\Common.php(1180): CodeIgniter\View\View->render('themes/magazine/partials/_footer', [], true)
 5 APPPATH\Common.php(91): view('themes/magazine/partials/_footer', [...])
 6 APPPATH\Controllers\HomeController.php(64): loadView('partials/_footer', [...])
 7 SYSTEMPATH\CodeIgniter.php(932): App\Controllers\HomeController->index()
 8 SYSTEMPATH\CodeIgniter.php(497): CodeIgniter\CodeIgniter->runController(Object(App\Controllers\HomeController))
 9 SYSTEMPATH\CodeIgniter.php(366): CodeIgniter\CodeIgniter->handleRequest(null, Object(Config\Cache), false)
10 FCPATH\index.php(77): CodeIgniter\CodeIgniter->run()
CRITICAL - 2024-12-28 09:40:49 --> Attempt to read property "name_slug" on string
in APPPATH\Common.php on line 514.
 1 APPPATH\Common.php(514): CodeIgniter\Debug\Exceptions->errorHandler(2, 'Attempt to read property "name_slug" on string', 'C:\\xampp\\htdocs\\news\\app\\Common.php', 514)
 2 APPPATH\Views\themes\magazine\partials\_footer.php(49): generateCategoryURL('5')
 3 SYSTEMPATH\View\View.php(224): include('C:\\xampp\\htdocs\\news\\app\\Views\\themes\\magazine\\partials\\_footer.php')
 4 SYSTEMPATH\View\View.php(227): CodeIgniter\View\View->CodeIgniter\View\{closure}()
 5 SYSTEMPATH\Common.php(1180): CodeIgniter\View\View->render('themes/magazine/partials/_footer', [], true)
 6 APPPATH\Common.php(91): view('themes/magazine/partials/_footer', [...])
 7 APPPATH\Controllers\HomeController.php(64): loadView('partials/_footer', [...])
 8 SYSTEMPATH\CodeIgniter.php(932): App\Controllers\HomeController->index()
 9 SYSTEMPATH\CodeIgniter.php(497): CodeIgniter\CodeIgniter->runController(Object(App\Controllers\HomeController))
10 SYSTEMPATH\CodeIgniter.php(366): CodeIgniter\CodeIgniter->handleRequest(null, Object(Config\Cache), false)
11 FCPATH\index.php(77): CodeIgniter\CodeIgniter->run()
CRITICAL - 2024-12-28 09:41:02 --> Attempt to read property "name" on string
in APPPATH\Views\themes\magazine\partials\_footer.php on line 50.
 1 APPPATH\Views\themes\magazine\partials\_footer.php(50): CodeIgniter\Debug\Exceptions->errorHandler(2, 'Attempt to read property "name" on string', 'C:\\xampp\\htdocs\\news\\app\\Views\\themes\\magazine\\partials\\_footer.php', 50)
 2 SYSTEMPATH\View\View.php(224): include('C:\\xampp\\htdocs\\news\\app\\Views\\themes\\magazine\\partials\\_footer.php')
 3 SYSTEMPATH\View\View.php(227): CodeIgniter\View\View->CodeIgniter\View\{closure}()
 4 SYSTEMPATH\Common.php(1180): CodeIgniter\View\View->render('themes/magazine/partials/_footer', [], true)
 5 APPPATH\Common.php(91): view('themes/magazine/partials/_footer', [...])
 6 APPPATH\Controllers\HomeController.php(64): loadView('partials/_footer', [...])
 7 SYSTEMPATH\CodeIgniter.php(932): App\Controllers\HomeController->index()
 8 SYSTEMPATH\CodeIgniter.php(497): CodeIgniter\CodeIgniter->runController(Object(App\Controllers\HomeController))
 9 SYSTEMPATH\CodeIgniter.php(366): CodeIgniter\CodeIgniter->handleRequest(null, Object(Config\Cache), false)
10 FCPATH\index.php(77): CodeIgniter\CodeIgniter->run()
CRITICAL - 2024-12-28 09:41:51 --> Attempt to read property "name" on string
in APPPATH\Views\themes\magazine\partials\_footer.php on line 49.
 1 APPPATH\Views\themes\magazine\partials\_footer.php(49): CodeIgniter\Debug\Exceptions->errorHandler(2, 'Attempt to read property "name" on string', 'C:\\xampp\\htdocs\\news\\app\\Views\\themes\\magazine\\partials\\_footer.php', 49)
 2 SYSTEMPATH\View\View.php(224): include('C:\\xampp\\htdocs\\news\\app\\Views\\themes\\magazine\\partials\\_footer.php')
 3 SYSTEMPATH\View\View.php(227): CodeIgniter\View\View->CodeIgniter\View\{closure}()
 4 SYSTEMPATH\Common.php(1180): CodeIgniter\View\View->render('themes/magazine/partials/_footer', [], true)
 5 APPPATH\Common.php(91): view('themes/magazine/partials/_footer', [...])
 6 APPPATH\Controllers\HomeController.php(64): loadView('partials/_footer', [...])
 7 SYSTEMPATH\CodeIgniter.php(932): App\Controllers\HomeController->index()
 8 SYSTEMPATH\CodeIgniter.php(497): CodeIgniter\CodeIgniter->runController(Object(App\Controllers\HomeController))
 9 SYSTEMPATH\CodeIgniter.php(366): CodeIgniter\CodeIgniter->handleRequest(null, Object(Config\Cache), false)
10 FCPATH\index.php(77): CodeIgniter\CodeIgniter->run()
CRITICAL - 2024-12-28 09:43:02 --> Attempt to read property "name_slug" on string
in APPPATH\Common.php on line 514.
 1 APPPATH\Common.php(514): CodeIgniter\Debug\Exceptions->errorHandler(2, 'Attempt to read property "name_slug" on string', 'C:\\xampp\\htdocs\\news\\app\\Common.php', 514)
 2 APPPATH\Views\themes\magazine\partials\_footer.php(48): generateCategoryURL('5')
 3 SYSTEMPATH\View\View.php(224): include('C:\\xampp\\htdocs\\news\\app\\Views\\themes\\magazine\\partials\\_footer.php')
 4 SYSTEMPATH\View\View.php(227): CodeIgniter\View\View->CodeIgniter\View\{closure}()
 5 SYSTEMPATH\Common.php(1180): CodeIgniter\View\View->render('themes/magazine/partials/_footer', [], true)
 6 APPPATH\Common.php(91): view('themes/magazine/partials/_footer', [...])
 7 APPPATH\Controllers\HomeController.php(64): loadView('partials/_footer', [...])
 8 SYSTEMPATH\CodeIgniter.php(932): App\Controllers\HomeController->index()
 9 SYSTEMPATH\CodeIgniter.php(497): CodeIgniter\CodeIgniter->runController(Object(App\Controllers\HomeController))
10 SYSTEMPATH\CodeIgniter.php(366): CodeIgniter\CodeIgniter->handleRequest(null, Object(Config\Cache), false)
11 FCPATH\index.php(77): CodeIgniter\CodeIgniter->run()
CRITICAL - 2024-12-28 09:50:30 --> Attempt to read property "name_slug" on array
in APPPATH\Common.php on line 514.
 1 APPPATH\Common.php(514): CodeIgniter\Debug\Exceptions->errorHandler(2, 'Attempt to read property "name_slug" on array', 'C:\\xampp\\htdocs\\news\\app\\Common.php', 514)
 2 APPPATH\Views\themes\magazine\partials\_footer.php(48): generateCategoryURL([...])
 3 SYSTEMPATH\View\View.php(224): include('C:\\xampp\\htdocs\\news\\app\\Views\\themes\\magazine\\partials\\_footer.php')
 4 SYSTEMPATH\View\View.php(227): CodeIgniter\View\View->CodeIgniter\View\{closure}()
 5 SYSTEMPATH\Common.php(1180): CodeIgniter\View\View->render('themes/magazine/partials/_footer', [], true)
 6 APPPATH\Common.php(91): view('themes/magazine/partials/_footer', [...])
 7 APPPATH\Controllers\HomeController.php(64): loadView('partials/_footer', [...])
 8 SYSTEMPATH\CodeIgniter.php(932): App\Controllers\HomeController->index()
 9 SYSTEMPATH\CodeIgniter.php(497): CodeIgniter\CodeIgniter->runController(Object(App\Controllers\HomeController))
10 SYSTEMPATH\CodeIgniter.php(366): CodeIgniter\CodeIgniter->handleRequest(null, Object(Config\Cache), false)
11 FCPATH\index.php(77): CodeIgniter\CodeIgniter->run()
CRITICAL - 2024-12-28 09:50:44 --> Attempt to read property "name_slug" on array
in APPPATH\Common.php on line 514.
 1 APPPATH\Common.php(514): CodeIgniter\Debug\Exceptions->errorHandler(2, 'Attempt to read property "name_slug" on array', 'C:\\xampp\\htdocs\\news\\app\\Common.php', 514)
 2 APPPATH\Views\themes\magazine\partials\_footer.php(48): generateCategoryURL([...])
 3 SYSTEMPATH\View\View.php(224): include('C:\\xampp\\htdocs\\news\\app\\Views\\themes\\magazine\\partials\\_footer.php')
 4 SYSTEMPATH\View\View.php(227): CodeIgniter\View\View->CodeIgniter\View\{closure}()
 5 SYSTEMPATH\Common.php(1180): CodeIgniter\View\View->render('themes/magazine/partials/_footer', [], true)
 6 APPPATH\Common.php(91): view('themes/magazine/partials/_footer', [...])
 7 APPPATH\Controllers\HomeController.php(64): loadView('partials/_footer', [...])
 8 SYSTEMPATH\CodeIgniter.php(932): App\Controllers\HomeController->index()
 9 SYSTEMPATH\CodeIgniter.php(497): CodeIgniter\CodeIgniter->runController(Object(App\Controllers\HomeController))
10 SYSTEMPATH\CodeIgniter.php(366): CodeIgniter\CodeIgniter->handleRequest(null, Object(Config\Cache), false)
11 FCPATH\index.php(77): CodeIgniter\CodeIgniter->run()
CRITICAL - 2024-12-28 09:52:09 --> Attempt to read property "name_slug" on array
in APPPATH\Common.php on line 514.
 1 APPPATH\Common.php(514): CodeIgniter\Debug\Exceptions->errorHandler(2, 'Attempt to read property "name_slug" on array', 'C:\\xampp\\htdocs\\news\\app\\Common.php', 514)
 2 APPPATH\Views\themes\magazine\partials\_footer.php(49): generateCategoryURL([...])
 3 SYSTEMPATH\View\View.php(224): include('C:\\xampp\\htdocs\\news\\app\\Views\\themes\\magazine\\partials\\_footer.php')
 4 SYSTEMPATH\View\View.php(227): CodeIgniter\View\View->CodeIgniter\View\{closure}()
 5 SYSTEMPATH\Common.php(1180): CodeIgniter\View\View->render('themes/magazine/partials/_footer', [], true)
 6 APPPATH\Common.php(91): view('themes/magazine/partials/_footer', [...])
 7 APPPATH\Controllers\HomeController.php(64): loadView('partials/_footer', [...])
 8 SYSTEMPATH\CodeIgniter.php(932): App\Controllers\HomeController->index()
 9 SYSTEMPATH\CodeIgniter.php(497): CodeIgniter\CodeIgniter->runController(Object(App\Controllers\HomeController))
10 SYSTEMPATH\CodeIgniter.php(366): CodeIgniter\CodeIgniter->handleRequest(null, Object(Config\Cache), false)
11 FCPATH\index.php(77): CodeIgniter\CodeIgniter->run()
CRITICAL - 2024-12-28 09:52:34 --> Attempt to read property "name_slug" on array
in APPPATH\Common.php on line 514.
 1 APPPATH\Common.php(514): CodeIgniter\Debug\Exceptions->errorHandler(2, 'Attempt to read property "name_slug" on array', 'C:\\xampp\\htdocs\\news\\app\\Common.php', 514)
 2 APPPATH\Views\themes\magazine\partials\_footer.php(49): generateCategoryURL([...])
 3 SYSTEMPATH\View\View.php(224): include('C:\\xampp\\htdocs\\news\\app\\Views\\themes\\magazine\\partials\\_footer.php')
 4 SYSTEMPATH\View\View.php(227): CodeIgniter\View\View->CodeIgniter\View\{closure}()
 5 SYSTEMPATH\Common.php(1180): CodeIgniter\View\View->render('themes/magazine/partials/_footer', [], true)
 6 APPPATH\Common.php(91): view('themes/magazine/partials/_footer', [...])
 7 APPPATH\Controllers\HomeController.php(64): loadView('partials/_footer', [...])
 8 SYSTEMPATH\CodeIgniter.php(932): App\Controllers\HomeController->index()
 9 SYSTEMPATH\CodeIgniter.php(497): CodeIgniter\CodeIgniter->runController(Object(App\Controllers\HomeController))
10 SYSTEMPATH\CodeIgniter.php(366): CodeIgniter\CodeIgniter->handleRequest(null, Object(Config\Cache), false)
11 FCPATH\index.php(77): CodeIgniter\CodeIgniter->run()
CRITICAL - 2024-12-28 09:53:52 --> Attempt to read property "name" on array
in APPPATH\Views\themes\magazine\partials\_footer.php on line 49.
 1 APPPATH\Views\themes\magazine\partials\_footer.php(49): CodeIgniter\Debug\Exceptions->errorHandler(2, 'Attempt to read property "name" on array', 'C:\\xampp\\htdocs\\news\\app\\Views\\themes\\magazine\\partials\\_footer.php', 49)
 2 SYSTEMPATH\View\View.php(224): include('C:\\xampp\\htdocs\\news\\app\\Views\\themes\\magazine\\partials\\_footer.php')
 3 SYSTEMPATH\View\View.php(227): CodeIgniter\View\View->CodeIgniter\View\{closure}()
 4 SYSTEMPATH\Common.php(1180): CodeIgniter\View\View->render('themes/magazine/partials/_footer', [], true)
 5 APPPATH\Common.php(91): view('themes/magazine/partials/_footer', [...])
 6 APPPATH\Controllers\HomeController.php(64): loadView('partials/_footer', [...])
 7 SYSTEMPATH\CodeIgniter.php(932): App\Controllers\HomeController->index()
 8 SYSTEMPATH\CodeIgniter.php(497): CodeIgniter\CodeIgniter->runController(Object(App\Controllers\HomeController))
 9 SYSTEMPATH\CodeIgniter.php(366): CodeIgniter\CodeIgniter->handleRequest(null, Object(Config\Cache), false)
10 FCPATH\index.php(77): CodeIgniter\CodeIgniter->run()
CRITICAL - 2024-12-28 09:54:19 --> Undefined variable $categories
in APPPATH\Views\themes\magazine\partials\_footer.php on line 45.
 1 APPPATH\Views\themes\magazine\partials\_footer.php(45): CodeIgniter\Debug\Exceptions->errorHandler(2, 'Undefined variable $categories', 'C:\\xampp\\htdocs\\news\\app\\Views\\themes\\magazine\\partials\\_footer.php', 45)
 2 SYSTEMPATH\View\View.php(224): include('C:\\xampp\\htdocs\\news\\app\\Views\\themes\\magazine\\partials\\_footer.php')
 3 SYSTEMPATH\View\View.php(227): CodeIgniter\View\View->CodeIgniter\View\{closure}()
 4 SYSTEMPATH\Common.php(1180): CodeIgniter\View\View->render('themes/magazine/partials/_footer', [], true)
 5 APPPATH\Common.php(91): view('themes/magazine/partials/_footer', [...])
 6 APPPATH\Controllers\HomeController.php(64): loadView('partials/_footer', [...])
 7 SYSTEMPATH\CodeIgniter.php(932): App\Controllers\HomeController->index()
 8 SYSTEMPATH\CodeIgniter.php(497): CodeIgniter\CodeIgniter->runController(Object(App\Controllers\HomeController))
 9 SYSTEMPATH\CodeIgniter.php(366): CodeIgniter\CodeIgniter->handleRequest(null, Object(Config\Cache), false)
10 FCPATH\index.php(77): CodeIgniter\CodeIgniter->run()
CRITICAL - 2024-12-28 09:56:41 --> Attempt to read property "name" on array
in APPPATH\Views\themes\magazine\partials\_footer.php on line 48.
 1 APPPATH\Views\themes\magazine\partials\_footer.php(48): CodeIgniter\Debug\Exceptions->errorHandler(2, 'Attempt to read property "name" on array', 'C:\\xampp\\htdocs\\news\\app\\Views\\themes\\magazine\\partials\\_footer.php', 48)
 2 SYSTEMPATH\View\View.php(224): include('C:\\xampp\\htdocs\\news\\app\\Views\\themes\\magazine\\partials\\_footer.php')
 3 SYSTEMPATH\View\View.php(227): CodeIgniter\View\View->CodeIgniter\View\{closure}()
 4 SYSTEMPATH\Common.php(1180): CodeIgniter\View\View->render('themes/magazine/partials/_footer', [], true)
 5 APPPATH\Common.php(91): view('themes/magazine/partials/_footer', [...])
 6 APPPATH\Controllers\HomeController.php(64): loadView('partials/_footer', [...])
 7 SYSTEMPATH\CodeIgniter.php(932): App\Controllers\HomeController->index()
 8 SYSTEMPATH\CodeIgniter.php(497): CodeIgniter\CodeIgniter->runController(Object(App\Controllers\HomeController))
 9 SYSTEMPATH\CodeIgniter.php(366): CodeIgniter\CodeIgniter->handleRequest(null, Object(Config\Cache), false)
10 FCPATH\index.php(77): CodeIgniter\CodeIgniter->run()
CRITICAL - 2024-12-28 09:57:20 --> Attempt to read property "name" on array
in APPPATH\Views\themes\magazine\partials\_footer.php on line 48.
 1 APPPATH\Views\themes\magazine\partials\_footer.php(48): CodeIgniter\Debug\Exceptions->errorHandler(2, 'Attempt to read property "name" on array', 'C:\\xampp\\htdocs\\news\\app\\Views\\themes\\magazine\\partials\\_footer.php', 48)
 2 SYSTEMPATH\View\View.php(224): include('C:\\xampp\\htdocs\\news\\app\\Views\\themes\\magazine\\partials\\_footer.php')
 3 SYSTEMPATH\View\View.php(227): CodeIgniter\View\View->CodeIgniter\View\{closure}()
 4 SYSTEMPATH\Common.php(1180): CodeIgniter\View\View->render('themes/magazine/partials/_footer', [], true)
 5 APPPATH\Common.php(91): view('themes/magazine/partials/_footer', [...])
 6 APPPATH\Controllers\HomeController.php(64): loadView('partials/_footer', [...])
 7 SYSTEMPATH\CodeIgniter.php(932): App\Controllers\HomeController->index()
 8 SYSTEMPATH\CodeIgniter.php(497): CodeIgniter\CodeIgniter->runController(Object(App\Controllers\HomeController))
 9 SYSTEMPATH\CodeIgniter.php(366): CodeIgniter\CodeIgniter->handleRequest(null, Object(Config\Cache), false)
10 FCPATH\index.php(77): CodeIgniter\CodeIgniter->run()
CRITICAL - 2024-12-28 09:57:24 --> Attempt to read property "name" on array
in APPPATH\Views\themes\magazine\partials\_footer.php on line 48.
 1 APPPATH\Views\themes\magazine\partials\_footer.php(48): CodeIgniter\Debug\Exceptions->errorHandler(2, 'Attempt to read property "name" on array', 'C:\\xampp\\htdocs\\news\\app\\Views\\themes\\magazine\\partials\\_footer.php', 48)
 2 SYSTEMPATH\View\View.php(224): include('C:\\xampp\\htdocs\\news\\app\\Views\\themes\\magazine\\partials\\_footer.php')
 3 SYSTEMPATH\View\View.php(227): CodeIgniter\View\View->CodeIgniter\View\{closure}()
 4 SYSTEMPATH\Common.php(1180): CodeIgniter\View\View->render('themes/magazine/partials/_footer', [], true)
 5 APPPATH\Common.php(91): view('themes/magazine/partials/_footer', [...])
 6 APPPATH\Controllers\HomeController.php(64): loadView('partials/_footer', [...])
 7 SYSTEMPATH\CodeIgniter.php(932): App\Controllers\HomeController->index()
 8 SYSTEMPATH\CodeIgniter.php(497): CodeIgniter\CodeIgniter->runController(Object(App\Controllers\HomeController))
 9 SYSTEMPATH\CodeIgniter.php(366): CodeIgniter\CodeIgniter->handleRequest(null, Object(Config\Cache), false)
10 FCPATH\index.php(77): CodeIgniter\CodeIgniter->run()
