CRITICAL - 2025-01-02 11:46:22 --> Undefined property: stdClass::$title_slug
in APPPATH\Views\themes\magazine\nav\_nav_top.php on line 72.
 1 APPPATH\Views\themes\magazine\nav\_nav_top.php(72): CodeIgniter\Debug\Exceptions->errorHandler(2, 'Undefined property: stdClass::$title_slug', 'C:\\xampp\\htdocs\\news\\app\\Views\\themes\\magazine\\nav\\_nav_top.php', 72)
 2 SYSTEMPATH\View\View.php(224): include('C:\\xampp\\htdocs\\news\\app\\Views\\themes\\magazine\\nav\\_nav_top.php')
 3 SYSTEMPATH\View\View.php(227): CodeIgniter\View\View->CodeIgniter\View\{closure}()
 4 SYSTEMPATH\Common.php(1180): CodeIgniter\View\View->render('themes/magazine/nav/_nav_top', [], true)
 5 APPPATH\Common.php(93): view('themes/magazine/nav/_nav_top')
 6 APPPATH\Views\themes\magazine\partials\_header.php(90): loadView('nav/_nav_top')
 7 SYSTEMPATH\View\View.php(224): include('C:\\xampp\\htdocs\\news\\app\\Views\\themes\\magazine\\partials\\_header.php')
 8 SYSTEMPATH\View\View.php(227): CodeIgniter\View\View->CodeIgniter\View\{closure}()
 9 SYSTEMPATH\Common.php(1180): CodeIgniter\View\View->render('themes/magazine/partials/_header', [], true)
10 APPPATH\Common.php(91): view('themes/magazine/partials/_header', [...])
11 APPPATH\Controllers\HomeController.php(61): loadView('partials/_header', [...])
12 SYSTEMPATH\CodeIgniter.php(932): App\Controllers\HomeController->index()
13 SYSTEMPATH\CodeIgniter.php(497): CodeIgniter\CodeIgniter->runController(Object(App\Controllers\HomeController))
14 SYSTEMPATH\CodeIgniter.php(366): CodeIgniter\CodeIgniter->handleRequest(null, Object(Config\Cache), false)
15 FCPATH\index.php(77): CodeIgniter\CodeIgniter->run()
CRITICAL - 2025-01-02 11:46:50 --> Undefined property: stdClass::$title_slug
in APPPATH\Views\themes\magazine\nav\_nav_top.php on line 73.
 1 APPPATH\Views\themes\magazine\nav\_nav_top.php(73): CodeIgniter\Debug\Exceptions->errorHandler(2, 'Undefined property: stdClass::$title_slug', 'C:\\xampp\\htdocs\\news\\app\\Views\\themes\\magazine\\nav\\_nav_top.php', 73)
 2 SYSTEMPATH\View\View.php(224): include('C:\\xampp\\htdocs\\news\\app\\Views\\themes\\magazine\\nav\\_nav_top.php')
 3 SYSTEMPATH\View\View.php(227): CodeIgniter\View\View->CodeIgniter\View\{closure}()
 4 SYSTEMPATH\Common.php(1180): CodeIgniter\View\View->render('themes/magazine/nav/_nav_top', [], true)
 5 APPPATH\Common.php(93): view('themes/magazine/nav/_nav_top')
 6 APPPATH\Views\themes\magazine\partials\_header.php(90): loadView('nav/_nav_top')
 7 SYSTEMPATH\View\View.php(224): include('C:\\xampp\\htdocs\\news\\app\\Views\\themes\\magazine\\partials\\_header.php')
 8 SYSTEMPATH\View\View.php(227): CodeIgniter\View\View->CodeIgniter\View\{closure}()
 9 SYSTEMPATH\Common.php(1180): CodeIgniter\View\View->render('themes/magazine/partials/_header', [], true)
10 APPPATH\Common.php(91): view('themes/magazine/partials/_header', [...])
11 APPPATH\Controllers\HomeController.php(61): loadView('partials/_header', [...])
12 SYSTEMPATH\CodeIgniter.php(932): App\Controllers\HomeController->index()
13 SYSTEMPATH\CodeIgniter.php(497): CodeIgniter\CodeIgniter->runController(Object(App\Controllers\HomeController))
14 SYSTEMPATH\CodeIgniter.php(366): CodeIgniter\CodeIgniter->handleRequest(null, Object(Config\Cache), false)
15 FCPATH\index.php(77): CodeIgniter\CodeIgniter->run()
CRITICAL - 2025-01-02 11:46:58 --> Undefined property: stdClass::$title_slug
in APPPATH\Views\themes\magazine\nav\_nav_top.php on line 73.
 1 APPPATH\Views\themes\magazine\nav\_nav_top.php(73): CodeIgniter\Debug\Exceptions->errorHandler(2, 'Undefined property: stdClass::$title_slug', 'C:\\xampp\\htdocs\\news\\app\\Views\\themes\\magazine\\nav\\_nav_top.php', 73)
 2 SYSTEMPATH\View\View.php(224): include('C:\\xampp\\htdocs\\news\\app\\Views\\themes\\magazine\\nav\\_nav_top.php')
 3 SYSTEMPATH\View\View.php(227): CodeIgniter\View\View->CodeIgniter\View\{closure}()
 4 SYSTEMPATH\Common.php(1180): CodeIgniter\View\View->render('themes/magazine/nav/_nav_top', [], true)
 5 APPPATH\Common.php(93): view('themes/magazine/nav/_nav_top')
 6 APPPATH\Views\themes\magazine\partials\_header.php(90): loadView('nav/_nav_top')
 7 SYSTEMPATH\View\View.php(224): include('C:\\xampp\\htdocs\\news\\app\\Views\\themes\\magazine\\partials\\_header.php')
 8 SYSTEMPATH\View\View.php(227): CodeIgniter\View\View->CodeIgniter\View\{closure}()
 9 SYSTEMPATH\Common.php(1180): CodeIgniter\View\View->render('themes/magazine/partials/_header', [], true)
10 APPPATH\Common.php(91): view('themes/magazine/partials/_header', [...])
11 APPPATH\Controllers\HomeController.php(61): loadView('partials/_header', [...])
12 SYSTEMPATH\CodeIgniter.php(932): App\Controllers\HomeController->index()
13 SYSTEMPATH\CodeIgniter.php(497): CodeIgniter\CodeIgniter->runController(Object(App\Controllers\HomeController))
14 SYSTEMPATH\CodeIgniter.php(366): CodeIgniter\CodeIgniter->handleRequest(null, Object(Config\Cache), false)
15 FCPATH\index.php(77): CodeIgniter\CodeIgniter->run()
CRITICAL - 2025-01-02 13:15:03 --> Undefined property: stdClass::$title_slug
in APPPATH\Views\themes\magazine\nav\_nav_top.php on line 65.
 1 APPPATH\Views\themes\magazine\nav\_nav_top.php(65): CodeIgniter\Debug\Exceptions->errorHandler(2, 'Undefined property: stdClass::$title_slug', 'C:\\xampp\\htdocs\\news\\app\\Views\\themes\\magazine\\nav\\_nav_top.php', 65)
 2 SYSTEMPATH\View\View.php(224): include('C:\\xampp\\htdocs\\news\\app\\Views\\themes\\magazine\\nav\\_nav_top.php')
 3 SYSTEMPATH\View\View.php(227): CodeIgniter\View\View->CodeIgniter\View\{closure}()
 4 SYSTEMPATH\Common.php(1180): CodeIgniter\View\View->render('themes/magazine/nav/_nav_top', [], true)
 5 APPPATH\Common.php(93): view('themes/magazine/nav/_nav_top')
 6 APPPATH\Views\themes\magazine\partials\_header.php(90): loadView('nav/_nav_top')
 7 SYSTEMPATH\View\View.php(224): include('C:\\xampp\\htdocs\\news\\app\\Views\\themes\\magazine\\partials\\_header.php')
 8 SYSTEMPATH\View\View.php(227): CodeIgniter\View\View->CodeIgniter\View\{closure}()
 9 SYSTEMPATH\Common.php(1180): CodeIgniter\View\View->render('themes/magazine/partials/_header', [], true)
10 APPPATH\Common.php(91): view('themes/magazine/partials/_header', [...])
11 APPPATH\Controllers\HomeController.php(61): loadView('partials/_header', [...])
12 SYSTEMPATH\CodeIgniter.php(932): App\Controllers\HomeController->index()
13 SYSTEMPATH\CodeIgniter.php(497): CodeIgniter\CodeIgniter->runController(Object(App\Controllers\HomeController))
14 SYSTEMPATH\CodeIgniter.php(366): CodeIgniter\CodeIgniter->handleRequest(null, Object(Config\Cache), false)
15 FCPATH\index.php(77): CodeIgniter\CodeIgniter->run()
CRITICAL - 2025-01-02 13:21:32 --> Undefined property: stdClass::$title_slug
in APPPATH\Views\themes\magazine\nav\_nav_top.php on line 47.
 1 APPPATH\Views\themes\magazine\nav\_nav_top.php(47): CodeIgniter\Debug\Exceptions->errorHandler(2, 'Undefined property: stdClass::$title_slug', 'C:\\xampp\\htdocs\\news\\app\\Views\\themes\\magazine\\nav\\_nav_top.php', 47)
 2 SYSTEMPATH\View\View.php(224): include('C:\\xampp\\htdocs\\news\\app\\Views\\themes\\magazine\\nav\\_nav_top.php')
 3 SYSTEMPATH\View\View.php(227): CodeIgniter\View\View->CodeIgniter\View\{closure}()
 4 SYSTEMPATH\Common.php(1180): CodeIgniter\View\View->render('themes/magazine/nav/_nav_top', [], true)
 5 APPPATH\Common.php(93): view('themes/magazine/nav/_nav_top')
 6 APPPATH\Views\themes\magazine\partials\_header.php(90): loadView('nav/_nav_top')
 7 SYSTEMPATH\View\View.php(224): include('C:\\xampp\\htdocs\\news\\app\\Views\\themes\\magazine\\partials\\_header.php')
 8 SYSTEMPATH\View\View.php(227): CodeIgniter\View\View->CodeIgniter\View\{closure}()
 9 SYSTEMPATH\Common.php(1180): CodeIgniter\View\View->render('themes/magazine/partials/_header', [], true)
10 APPPATH\Common.php(91): view('themes/magazine/partials/_header', [...])
11 APPPATH\Controllers\HomeController.php(61): loadView('partials/_header', [...])
12 SYSTEMPATH\CodeIgniter.php(932): App\Controllers\HomeController->index()
13 SYSTEMPATH\CodeIgniter.php(497): CodeIgniter\CodeIgniter->runController(Object(App\Controllers\HomeController))
14 SYSTEMPATH\CodeIgniter.php(366): CodeIgniter\CodeIgniter->handleRequest(null, Object(Config\Cache), false)
15 FCPATH\index.php(77): CodeIgniter\CodeIgniter->run()
CRITICAL - 2025-01-02 13:21:36 --> Undefined property: stdClass::$title_slug
in APPPATH\Views\themes\magazine\nav\_nav_top.php on line 47.
 1 APPPATH\Views\themes\magazine\nav\_nav_top.php(47): CodeIgniter\Debug\Exceptions->errorHandler(2, 'Undefined property: stdClass::$title_slug', 'C:\\xampp\\htdocs\\news\\app\\Views\\themes\\magazine\\nav\\_nav_top.php', 47)
 2 SYSTEMPATH\View\View.php(224): include('C:\\xampp\\htdocs\\news\\app\\Views\\themes\\magazine\\nav\\_nav_top.php')
 3 SYSTEMPATH\View\View.php(227): CodeIgniter\View\View->CodeIgniter\View\{closure}()
 4 SYSTEMPATH\Common.php(1180): CodeIgniter\View\View->render('themes/magazine/nav/_nav_top', [], true)
 5 APPPATH\Common.php(93): view('themes/magazine/nav/_nav_top')
 6 APPPATH\Views\themes\magazine\partials\_header.php(90): loadView('nav/_nav_top')
 7 SYSTEMPATH\View\View.php(224): include('C:\\xampp\\htdocs\\news\\app\\Views\\themes\\magazine\\partials\\_header.php')
 8 SYSTEMPATH\View\View.php(227): CodeIgniter\View\View->CodeIgniter\View\{closure}()
 9 SYSTEMPATH\Common.php(1180): CodeIgniter\View\View->render('themes/magazine/partials/_header', [], true)
10 APPPATH\Common.php(91): view('themes/magazine/partials/_header', [...])
11 APPPATH\Controllers\HomeController.php(61): loadView('partials/_header', [...])
12 SYSTEMPATH\CodeIgniter.php(932): App\Controllers\HomeController->index()
13 SYSTEMPATH\CodeIgniter.php(497): CodeIgniter\CodeIgniter->runController(Object(App\Controllers\HomeController))
14 SYSTEMPATH\CodeIgniter.php(366): CodeIgniter\CodeIgniter->handleRequest(null, Object(Config\Cache), false)
15 FCPATH\index.php(77): CodeIgniter\CodeIgniter->run()
CRITICAL - 2025-01-02 13:21:37 --> Undefined property: stdClass::$title_slug
in APPPATH\Views\themes\magazine\nav\_nav_top.php on line 47.
 1 APPPATH\Views\themes\magazine\nav\_nav_top.php(47): CodeIgniter\Debug\Exceptions->errorHandler(2, 'Undefined property: stdClass::$title_slug', 'C:\\xampp\\htdocs\\news\\app\\Views\\themes\\magazine\\nav\\_nav_top.php', 47)
 2 SYSTEMPATH\View\View.php(224): include('C:\\xampp\\htdocs\\news\\app\\Views\\themes\\magazine\\nav\\_nav_top.php')
 3 SYSTEMPATH\View\View.php(227): CodeIgniter\View\View->CodeIgniter\View\{closure}()
 4 SYSTEMPATH\Common.php(1180): CodeIgniter\View\View->render('themes/magazine/nav/_nav_top', [], true)
 5 APPPATH\Common.php(93): view('themes/magazine/nav/_nav_top')
 6 APPPATH\Views\themes\magazine\partials\_header.php(90): loadView('nav/_nav_top')
 7 SYSTEMPATH\View\View.php(224): include('C:\\xampp\\htdocs\\news\\app\\Views\\themes\\magazine\\partials\\_header.php')
 8 SYSTEMPATH\View\View.php(227): CodeIgniter\View\View->CodeIgniter\View\{closure}()
 9 SYSTEMPATH\Common.php(1180): CodeIgniter\View\View->render('themes/magazine/partials/_header', [], true)
10 APPPATH\Common.php(91): view('themes/magazine/partials/_header', [...])
11 APPPATH\Controllers\HomeController.php(61): loadView('partials/_header', [...])
12 SYSTEMPATH\CodeIgniter.php(932): App\Controllers\HomeController->index()
13 SYSTEMPATH\CodeIgniter.php(497): CodeIgniter\CodeIgniter->runController(Object(App\Controllers\HomeController))
14 SYSTEMPATH\CodeIgniter.php(366): CodeIgniter\CodeIgniter->handleRequest(null, Object(Config\Cache), false)
15 FCPATH\index.php(77): CodeIgniter\CodeIgniter->run()
CRITICAL - 2025-01-02 13:21:37 --> Undefined property: stdClass::$title_slug
in APPPATH\Views\themes\magazine\nav\_nav_top.php on line 47.
 1 APPPATH\Views\themes\magazine\nav\_nav_top.php(47): CodeIgniter\Debug\Exceptions->errorHandler(2, 'Undefined property: stdClass::$title_slug', 'C:\\xampp\\htdocs\\news\\app\\Views\\themes\\magazine\\nav\\_nav_top.php', 47)
 2 SYSTEMPATH\View\View.php(224): include('C:\\xampp\\htdocs\\news\\app\\Views\\themes\\magazine\\nav\\_nav_top.php')
 3 SYSTEMPATH\View\View.php(227): CodeIgniter\View\View->CodeIgniter\View\{closure}()
 4 SYSTEMPATH\Common.php(1180): CodeIgniter\View\View->render('themes/magazine/nav/_nav_top', [], true)
 5 APPPATH\Common.php(93): view('themes/magazine/nav/_nav_top')
 6 APPPATH\Views\themes\magazine\partials\_header.php(90): loadView('nav/_nav_top')
 7 SYSTEMPATH\View\View.php(224): include('C:\\xampp\\htdocs\\news\\app\\Views\\themes\\magazine\\partials\\_header.php')
 8 SYSTEMPATH\View\View.php(227): CodeIgniter\View\View->CodeIgniter\View\{closure}()
 9 SYSTEMPATH\Common.php(1180): CodeIgniter\View\View->render('themes/magazine/partials/_header', [], true)
10 APPPATH\Common.php(91): view('themes/magazine/partials/_header', [...])
11 APPPATH\Controllers\HomeController.php(61): loadView('partials/_header', [...])
12 SYSTEMPATH\CodeIgniter.php(932): App\Controllers\HomeController->index()
13 SYSTEMPATH\CodeIgniter.php(497): CodeIgniter\CodeIgniter->runController(Object(App\Controllers\HomeController))
14 SYSTEMPATH\CodeIgniter.php(366): CodeIgniter\CodeIgniter->handleRequest(null, Object(Config\Cache), false)
15 FCPATH\index.php(77): CodeIgniter\CodeIgniter->run()
CRITICAL - 2025-01-02 13:21:37 --> Undefined property: stdClass::$title_slug
in APPPATH\Views\themes\magazine\nav\_nav_top.php on line 47.
 1 APPPATH\Views\themes\magazine\nav\_nav_top.php(47): CodeIgniter\Debug\Exceptions->errorHandler(2, 'Undefined property: stdClass::$title_slug', 'C:\\xampp\\htdocs\\news\\app\\Views\\themes\\magazine\\nav\\_nav_top.php', 47)
 2 SYSTEMPATH\View\View.php(224): include('C:\\xampp\\htdocs\\news\\app\\Views\\themes\\magazine\\nav\\_nav_top.php')
 3 SYSTEMPATH\View\View.php(227): CodeIgniter\View\View->CodeIgniter\View\{closure}()
 4 SYSTEMPATH\Common.php(1180): CodeIgniter\View\View->render('themes/magazine/nav/_nav_top', [], true)
 5 APPPATH\Common.php(93): view('themes/magazine/nav/_nav_top')
 6 APPPATH\Views\themes\magazine\partials\_header.php(90): loadView('nav/_nav_top')
 7 SYSTEMPATH\View\View.php(224): include('C:\\xampp\\htdocs\\news\\app\\Views\\themes\\magazine\\partials\\_header.php')
 8 SYSTEMPATH\View\View.php(227): CodeIgniter\View\View->CodeIgniter\View\{closure}()
 9 SYSTEMPATH\Common.php(1180): CodeIgniter\View\View->render('themes/magazine/partials/_header', [], true)
10 APPPATH\Common.php(91): view('themes/magazine/partials/_header', [...])
11 APPPATH\Controllers\HomeController.php(61): loadView('partials/_header', [...])
12 SYSTEMPATH\CodeIgniter.php(932): App\Controllers\HomeController->index()
13 SYSTEMPATH\CodeIgniter.php(497): CodeIgniter\CodeIgniter->runController(Object(App\Controllers\HomeController))
14 SYSTEMPATH\CodeIgniter.php(366): CodeIgniter\CodeIgniter->handleRequest(null, Object(Config\Cache), false)
15 FCPATH\index.php(77): CodeIgniter\CodeIgniter->run()
CRITICAL - 2025-01-02 13:21:38 --> Undefined property: stdClass::$title_slug
in APPPATH\Views\themes\magazine\nav\_nav_top.php on line 47.
 1 APPPATH\Views\themes\magazine\nav\_nav_top.php(47): CodeIgniter\Debug\Exceptions->errorHandler(2, 'Undefined property: stdClass::$title_slug', 'C:\\xampp\\htdocs\\news\\app\\Views\\themes\\magazine\\nav\\_nav_top.php', 47)
 2 SYSTEMPATH\View\View.php(224): include('C:\\xampp\\htdocs\\news\\app\\Views\\themes\\magazine\\nav\\_nav_top.php')
 3 SYSTEMPATH\View\View.php(227): CodeIgniter\View\View->CodeIgniter\View\{closure}()
 4 SYSTEMPATH\Common.php(1180): CodeIgniter\View\View->render('themes/magazine/nav/_nav_top', [], true)
 5 APPPATH\Common.php(93): view('themes/magazine/nav/_nav_top')
 6 APPPATH\Views\themes\magazine\partials\_header.php(90): loadView('nav/_nav_top')
 7 SYSTEMPATH\View\View.php(224): include('C:\\xampp\\htdocs\\news\\app\\Views\\themes\\magazine\\partials\\_header.php')
 8 SYSTEMPATH\View\View.php(227): CodeIgniter\View\View->CodeIgniter\View\{closure}()
 9 SYSTEMPATH\Common.php(1180): CodeIgniter\View\View->render('themes/magazine/partials/_header', [], true)
10 APPPATH\Common.php(91): view('themes/magazine/partials/_header', [...])
11 APPPATH\Controllers\HomeController.php(61): loadView('partials/_header', [...])
12 SYSTEMPATH\CodeIgniter.php(932): App\Controllers\HomeController->index()
13 SYSTEMPATH\CodeIgniter.php(497): CodeIgniter\CodeIgniter->runController(Object(App\Controllers\HomeController))
14 SYSTEMPATH\CodeIgniter.php(366): CodeIgniter\CodeIgniter->handleRequest(null, Object(Config\Cache), false)
15 FCPATH\index.php(77): CodeIgniter\CodeIgniter->run()
CRITICAL - 2025-01-02 13:23:09 --> Undefined property: stdClass::$title_slug
in APPPATH\Views\themes\magazine\nav\_nav_top.php on line 47.
 1 APPPATH\Views\themes\magazine\nav\_nav_top.php(47): CodeIgniter\Debug\Exceptions->errorHandler(2, 'Undefined property: stdClass::$title_slug', 'C:\\xampp\\htdocs\\news\\app\\Views\\themes\\magazine\\nav\\_nav_top.php', 47)
 2 SYSTEMPATH\View\View.php(224): include('C:\\xampp\\htdocs\\news\\app\\Views\\themes\\magazine\\nav\\_nav_top.php')
 3 SYSTEMPATH\View\View.php(227): CodeIgniter\View\View->CodeIgniter\View\{closure}()
 4 SYSTEMPATH\Common.php(1180): CodeIgniter\View\View->render('themes/magazine/nav/_nav_top', [], true)
 5 APPPATH\Common.php(93): view('themes/magazine/nav/_nav_top')
 6 APPPATH\Views\themes\magazine\partials\_header.php(90): loadView('nav/_nav_top')
 7 SYSTEMPATH\View\View.php(224): include('C:\\xampp\\htdocs\\news\\app\\Views\\themes\\magazine\\partials\\_header.php')
 8 SYSTEMPATH\View\View.php(227): CodeIgniter\View\View->CodeIgniter\View\{closure}()
 9 SYSTEMPATH\Common.php(1180): CodeIgniter\View\View->render('themes/magazine/partials/_header', [], true)
10 APPPATH\Common.php(91): view('themes/magazine/partials/_header', [...])
11 APPPATH\Controllers\HomeController.php(61): loadView('partials/_header', [...])
12 SYSTEMPATH\CodeIgniter.php(932): App\Controllers\HomeController->index()
13 SYSTEMPATH\CodeIgniter.php(497): CodeIgniter\CodeIgniter->runController(Object(App\Controllers\HomeController))
14 SYSTEMPATH\CodeIgniter.php(366): CodeIgniter\CodeIgniter->handleRequest(null, Object(Config\Cache), false)
15 FCPATH\index.php(77): CodeIgniter\CodeIgniter->run()
CRITICAL - 2025-01-02 20:58:39 --> Undefined variable $fileExtensions
in APPPATH\Views\admin\file-manager\_file_manager.php on line 104.
 1 APPPATH\Views\admin\file-manager\_file_manager.php(104): CodeIgniter\Debug\Exceptions->errorHandler(2, 'Undefined variable $fileExtensions', 'C:\\xampp\\htdocs\\news\\app\\Views\\admin\\file-manager\\_file_manager.php', 104)
 2 SYSTEMPATH\View\View.php(224): include('C:\\xampp\\htdocs\\news\\app\\Views\\admin\\file-manager\\_file_manager.php')
 3 SYSTEMPATH\View\View.php(227): CodeIgniter\View\View->CodeIgniter\View\{closure}()
 4 SYSTEMPATH\Common.php(1180): CodeIgniter\View\View->render('admin/file-manager/_file_manager', [], true)
 5 APPPATH\Views\admin\file-manager\_load_file_manager.php(13): view('admin/file-manager/_file_manager', [...])
 6 SYSTEMPATH\View\View.php(224): include('C:\\xampp\\htdocs\\news\\app\\Views\\admin\\file-manager\\_load_file_manager.php')
 7 SYSTEMPATH\View\View.php(227): CodeIgniter\View\View->CodeIgniter\View\{closure}()
 8 SYSTEMPATH\Common.php(1180): CodeIgniter\View\View->render('admin/file-manager/_load_file_manager', [], true)
 9 APPPATH\Views\admin\post\add_multiple_post.php(276): view('admin/file-manager/_load_file_manager', [...])
10 SYSTEMPATH\View\View.php(224): include('C:\\xampp\\htdocs\\news\\app\\Views\\admin\\post\\add_multiple_post.php')
11 SYSTEMPATH\View\View.php(227): CodeIgniter\View\View->CodeIgniter\View\{closure}()
12 SYSTEMPATH\Common.php(1180): CodeIgniter\View\View->render('admin/post/add_multiple_post', [], true)
13 APPPATH\Controllers\PostController.php(91): view('admin/post/add_multiple_post', [...])
14 SYSTEMPATH\CodeIgniter.php(932): App\Controllers\PostController->addPost()
15 SYSTEMPATH\CodeIgniter.php(497): CodeIgniter\CodeIgniter->runController(Object(App\Controllers\PostController))
16 SYSTEMPATH\CodeIgniter.php(366): CodeIgniter\CodeIgniter->handleRequest(null, Object(Config\Cache), false)
17 FCPATH\index.php(77): CodeIgniter\CodeIgniter->run()
